<?xml version="1.0" encoding="UTF-8"?>
<!-- Generated by org.testng.reporters.JUnitXMLReporter -->
<testsuite hostname="HUAWEI_P20_Pro-b6b127983e.localdomain" ignored="0" name="Test" tests="10" failures="0" timestamp="29 May 2019 11:04:45 GMT" time="5.673" errors="0">
  <testcase name="check_availability" time="0.395" classname="daemonSolutions.DaemonSolutions_SeleniumTest"/>
  <testcase name="check_careers" time="0.359" classname="daemonSolutions.DaemonSolutions_SeleniumTest"/>
  <testcase name="check_DevOps" time="0.226" classname="daemonSolutions.DaemonSolutions_SeleniumTest"/>
  <testcase name="check_Cloud" time="0.322" classname="daemonSolutions.DaemonSolutions_SeleniumTest"/>
  <testcase name="check_Performance_Engineering" time="0.306" classname="daemonSolutions.DaemonSolutions_SeleniumTest"/>
  <testcase name="check_MI_AI" time="0.209" classname="daemonSolutions.DaemonSolutions_SeleniumTest"/>
  <testcase name="check_Digital_engineering" time="0.273" classname="daemonSolutions.DaemonSolutions_SeleniumTest"/>
  <testcase name="check_Technical_delivery" time="0.254" classname="daemonSolutions.DaemonSolutions_SeleniumTest"/>
  <testcase name="check_design_thinking" time="0.173" classname="daemonSolutions.DaemonSolutions_SeleniumTest"/>
  <testcase name="check_blog_page" time="1.181" classname="daemonSolutions.DaemonSolutions_SeleniumTest"/>
</testsuite> <!-- Test -->
