<?xml version="1.0" encoding="UTF-8"?>
<!-- Generated by org.testng.reporters.JUnitXMLReporter -->
<testsuite hostname="HUAWEI_P20_Pro-b6b127983e.localdomain" ignored="0" name="Test" tests="10" failures="0" timestamp="29 May 2019 10:12:31 GMT" time="2.946" errors="0">
  <testcase name="check_availability" time="0.181" classname="daemonSolutions.DaemonSolutions_SeleniumTest"/>
  <testcase name="check_careers" time="0.058" classname="daemonSolutions.DaemonSolutions_SeleniumTest"/>
  <testcase name="check_DevOps" time="0.032" classname="daemonSolutions.DaemonSolutions_SeleniumTest"/>
  <testcase name="check_Cloud" time="0.027" classname="daemonSolutions.DaemonSolutions_SeleniumTest"/>
  <testcase name="check_Performance_Engineering" time="0.036" classname="daemonSolutions.DaemonSolutions_SeleniumTest"/>
  <testcase name="check_MI_AI" time="0.024" classname="daemonSolutions.DaemonSolutions_SeleniumTest"/>
  <testcase name="check_Digital_engineering" time="0.069" classname="daemonSolutions.DaemonSolutions_SeleniumTest"/>
  <testcase name="check_Technical_delivery" time="0.024" classname="daemonSolutions.DaemonSolutions_SeleniumTest"/>
  <testcase name="check_design_thinking" time="0.023" classname="daemonSolutions.DaemonSolutions_SeleniumTest"/>
  <testcase name="check_blog_page" time="1.053" classname="daemonSolutions.DaemonSolutions_SeleniumTest"/>
</testsuite> <!-- Test -->
