<?xml version="1.0" encoding="UTF-8"?>
<testng-results skipped="0" failed="0" ignored="0" total="10" passed="10">
  <reporter-output>
  </reporter-output>
  <suite name="Suite" duration-ms="5673" started-at="2019-05-29T11:04:39Z" finished-at="2019-05-29T11:04:45Z">
    <groups>
    </groups>
    <test name="Test" duration-ms="5673" started-at="2019-05-29T11:04:39Z" finished-at="2019-05-29T11:04:45Z">
      <class name="daemonSolutions.DaemonSolutions_SeleniumTest">
        <test-method status="PASS" signature="login()[pri:0, instance:daemonSolutions.DaemonSolutions_SeleniumTest@6108b2d7]" name="login" is-config="true" duration-ms="1789" started-at="2019-05-29T12:04:39Z" description="Anything annotated with the annotation @BeforeTest will run first" finished-at="2019-05-29T12:04:41Z">
          <reporter-output>
          </reporter-output>
        </test-method> <!-- login -->
        <test-method status="PASS" signature="check_availability()[pri:0, instance:daemonSolutions.DaemonSolutions_SeleniumTest@6108b2d7]" name="check_availability" duration-ms="395" started-at="2019-05-29T12:04:41Z" description="Locating elements and the test logic goes here." finished-at="2019-05-29T12:04:41Z">
          <reporter-output>
          </reporter-output>
        </test-method> <!-- check_availability -->
        <test-method status="PASS" signature="check_careers()[pri:1, instance:daemonSolutions.DaemonSolutions_SeleniumTest@6108b2d7]" name="check_careers" duration-ms="359" started-at="2019-05-29T12:04:41Z" description="The the elements and the test logic goes here." finished-at="2019-05-29T12:04:41Z">
          <reporter-output>
          </reporter-output>
        </test-method> <!-- check_careers -->
        <test-method status="PASS" signature="check_DevOps()[pri:2, instance:daemonSolutions.DaemonSolutions_SeleniumTest@6108b2d7]" name="check_DevOps" duration-ms="226" started-at="2019-05-29T12:04:41Z" description="Checking the DevOps practise pages" finished-at="2019-05-29T12:04:42Z">
          <reporter-output>
          </reporter-output>
        </test-method> <!-- check_DevOps -->
        <test-method status="PASS" signature="check_Cloud()[pri:3, instance:daemonSolutions.DaemonSolutions_SeleniumTest@6108b2d7]" name="check_Cloud" duration-ms="322" started-at="2019-05-29T12:04:42Z" description="Checking the Cloud Practise pages" finished-at="2019-05-29T12:04:42Z">
          <reporter-output>
          </reporter-output>
        </test-method> <!-- check_Cloud -->
        <test-method status="PASS" signature="check_Performance_Engineering()[pri:4, instance:daemonSolutions.DaemonSolutions_SeleniumTest@6108b2d7]" name="check_Performance_Engineering" duration-ms="306" started-at="2019-05-29T12:04:42Z" description="Checking the PE practise pages" finished-at="2019-05-29T12:04:42Z">
          <reporter-output>
          </reporter-output>
        </test-method> <!-- check_Performance_Engineering -->
        <test-method status="PASS" signature="check_MI_AI()[pri:5, instance:daemonSolutions.DaemonSolutions_SeleniumTest@6108b2d7]" name="check_MI_AI" duration-ms="209" started-at="2019-05-29T12:04:42Z" description="Checking the MI/AI practise pages" finished-at="2019-05-29T12:04:43Z">
          <reporter-output>
          </reporter-output>
        </test-method> <!-- check_MI_AI -->
        <test-method status="PASS" signature="check_Digital_engineering()[pri:6, instance:daemonSolutions.DaemonSolutions_SeleniumTest@6108b2d7]" name="check_Digital_engineering" duration-ms="273" started-at="2019-05-29T12:04:43Z" description="Checking the DE practise pages" finished-at="2019-05-29T12:04:43Z">
          <reporter-output>
          </reporter-output>
        </test-method> <!-- check_Digital_engineering -->
        <test-method status="PASS" signature="check_Technical_delivery()[pri:7, instance:daemonSolutions.DaemonSolutions_SeleniumTest@6108b2d7]" name="check_Technical_delivery" duration-ms="254" started-at="2019-05-29T12:04:43Z" description="Checking the Technical Delivery practise pages" finished-at="2019-05-29T12:04:43Z">
          <reporter-output>
          </reporter-output>
        </test-method> <!-- check_Technical_delivery -->
        <test-method status="PASS" signature="check_design_thinking()[pri:8, instance:daemonSolutions.DaemonSolutions_SeleniumTest@6108b2d7]" name="check_design_thinking" duration-ms="173" started-at="2019-05-29T12:04:43Z" description="Checking the Design Thinking practise pages" finished-at="2019-05-29T12:04:43Z">
          <reporter-output>
          </reporter-output>
        </test-method> <!-- check_design_thinking -->
        <test-method status="PASS" signature="check_blog_page()[pri:9, instance:daemonSolutions.DaemonSolutions_SeleniumTest@6108b2d7]" name="check_blog_page" duration-ms="1181" started-at="2019-05-29T12:04:43Z" description="Checking the blog page" finished-at="2019-05-29T12:04:44Z">
          <reporter-output>
          </reporter-output>
        </test-method> <!-- check_blog_page -->
        <test-method status="PASS" signature="quite_Browser()[pri:0, instance:daemonSolutions.DaemonSolutions_SeleniumTest@6108b2d7]" name="quite_Browser" is-config="true" duration-ms="165" started-at="2019-05-29T12:04:44Z" description="This will kill the driver." finished-at="2019-05-29T12:04:45Z">
          <reporter-output>
          </reporter-output>
        </test-method> <!-- quite_Browser -->
      </class> <!-- daemonSolutions.DaemonSolutions_SeleniumTest -->
    </test> <!-- Test -->
  </suite> <!-- Suite -->
</testng-results>
